<?xml version="1.0" encoding="UTF-8"?>
<!-- Generated by org.testng.reporters.JUnitReportReporter -->
<testsuite hostname="Haidar" failures="0" tests="3" name="com.luna.testcases.NewRegistrationTest" time="26.881" errors="0" timestamp="2023-03-14T23:29:57 IST" skipped="1">
  <testcase classname="com.luna.testcases.NewRegistrationTest" name="verifyLogin" time="12.036"/>
  <system-out/>
  <testcase classname="com.luna.testcases.NewRegistrationTest" name="logOutTest" time="14.845"/>
  <system-out/>
  <testcase classname="com.luna.testcases.NewRegistrationTest" name="verifyRegistration">
    <skipped/>
  </testcase> <!-- verifyRegistration -->
  <system-out/>
</testsuite> <!-- com.luna.testcases.NewRegistrationTest -->
