<?xml version="1.0" encoding="UTF-8"?>
<!-- Generated by org.testng.reporters.JUnitReportReporter -->
<testsuite hostname="Haidar" failures="0" tests="3" name="com.luna.testcases.NewRegistrationTest" time="5.000" errors="0" timestamp="2023-03-11T23:24:02 IST" skipped="2">
  <testcase classname="com.luna.testcases.NewRegistrationTest" name="logOutTest" time="5.000"/>
  <system-out/>
  <testcase classname="com.luna.testcases.NewRegistrationTest" name="verifyLogin">
    <skipped/>
  </testcase> <!-- verifyLogin -->
  <system-out/>
  <testcase classname="com.luna.testcases.NewRegistrationTest" name="verifyRegistration">
    <skipped/>
  </testcase> <!-- verifyRegistration -->
  <system-out/>
</testsuite> <!-- com.luna.testcases.NewRegistrationTest -->
