<?xml version="1.0" encoding="UTF-8"?>
<!-- Generated by org.testng.reporters.JUnitReportReporter -->
<testsuite hostname="Haidar" failures="0" tests="3" name="com.luna.testcases.NewRegistrationTest_DataDrivenTesting" time="29.245" errors="0" timestamp="2023-03-07T16:38:27 IST" skipped="1">
  <testcase classname="com.luna.testcases.NewRegistrationTest_DataDrivenTesting" name="verifyLogin" time="15.187"/>
  <system-out/>
  <testcase classname="com.luna.testcases.NewRegistrationTest_DataDrivenTesting" name="verifyLogin" time="14.058"/>
  <system-out/>
  <testcase classname="com.luna.testcases.NewRegistrationTest_DataDrivenTesting" name="verifyRegistration">
    <skipped/>
  </testcase> <!-- verifyRegistration -->
  <system-out/>
</testsuite> <!-- com.luna.testcases.NewRegistrationTest_DataDrivenTesting -->
