<?xml version="1.0" encoding="UTF-8"?>
<!-- Generated by org.testng.reporters.JUnitReportReporter -->
<testsuite hostname="Haidar" failures="0" tests="1" name="com.luna.testcases.OrderProductTest" time="36.456" errors="0" timestamp="2023-03-09T18:24:17 IST" skipped="0">
  <testcase classname="com.luna.testcases.OrderProductTest" name="verifyOrderProduct" time="36.456"/>
  <system-out/>
</testsuite> <!-- com.luna.testcases.OrderProductTest -->
