<?xml version="1.0" encoding="UTF-8"?>
<!-- Generated by org.testng.reporters.JUnitReportReporter -->
<testsuite hostname="Haidar" failures="0" tests="2" name="com.luna.testcases.OrderProductTest" time="15.410" errors="0" timestamp="2023-03-11T22:53:11 IST" skipped="1">
  <testcase classname="com.luna.testcases.OrderProductTest" name="verifyAddToWishList" time="15.410"/>
  <system-out/>
  <testcase classname="com.luna.testcases.OrderProductTest" name="verifyOrderProduct">
    <skipped/>
  </testcase> <!-- verifyOrderProduct -->
  <system-out/>
</testsuite> <!-- com.luna.testcases.OrderProductTest -->
