<?xml version="1.0" encoding="UTF-8"?>
<!-- Generated by org.testng.reporters.JUnitReportReporter -->
<testsuite hostname="Haidar" failures="0" tests="1" name="com.luna.testcases.VerifyProductTest" time="7.923" errors="0" timestamp="2023-03-07T23:27:46 IST" skipped="0">
  <testcase classname="com.luna.testcases.VerifyProductTest" name="verifySearchProduct" time="7.923"/>
  <system-out/>
</testsuite> <!-- com.luna.testcases.VerifyProductTest -->
