<?xml version="1.0" encoding="UTF-8"?>
<!-- Generated by org.testng.reporters.JUnitReportReporter -->
<testsuite hostname="Haidar" failures="0" tests="1" name="com.luna.testcases.MyAccountPageTest" time="5.656" errors="0" timestamp="2023-03-05T23:16:26 IST" skipped="0">
  <testcase classname="com.luna.testcases.MyAccountPageTest" name="verifyRegistrationAndLogin" time="5.656"/>
  <system-out/>
</testsuite> <!-- com.luna.testcases.MyAccountPageTest -->
